2123242230
2134684920
2143989737
2131502252
2140195679
2140800057
2127302278
1998291184
2078759332
1943480012
2059810466
2124749499
2138720099
2035468365
2136903610
2049533273
2082524559
2127696226
2146514151
1600727150
2088288948
2145141683
2065369108
2136519372
2134440489
2139363810
2144312568
2145985508
1900766598
2135916722
2102443727
2138536334
2102726279
2000534015
2138283947
2135713209
1955532865
2146279179
1937728938
2102910563
2147259751
2145801833
2061756582
2095488448
2032259136
2136894729
2140811365
2109664041
2134447671
1963721916
2142973159
2146899573
2146905799
2037057220
1048122981
2091509140
1849510837
2109568208
2010487479
2135066672
2114502441
1503008248
2141339637
2136876907
2146823338
2097606142
2119770456
2021449615
2113204982
2127631142
2125078695
1944993430
2139043148
2118272436
2117374023
2137814515
2136443627
2124617457
2128096535
1952018475
2147315332
2144677798
2138410105
2126476527
2128498598
2113512503
2108913468
2143941484
2142607697
2147213187
2054423678
2121099047
2146014834
2117453664
2140049916
2145871897
2124178809
1985388114
2079638783
2141930889
